0 info it worked if it ends with ok
1 verbose cli [ '/home/ionicabizau/.nvm/versions/node/v4.0.0/bin/node',
1 verbose cli   '/home/ionicabizau/.nvm/versions/node/v4.0.0/bin/npm',
1 verbose cli   'view',
1 verbose cli   'daily-quote' ]
2 info using npm@2.14.2
3 info using node@v4.0.0
4 silly mapToRegistry name daily-quote
5 silly mapToRegistry using default registry
6 silly mapToRegistry registry https://registry.npmjs.org/
7 silly mapToRegistry uri https://registry.npmjs.org/daily-quote
8 verbose request uri https://registry.npmjs.org/daily-quote
9 verbose request no auth needed
10 info attempt registry request try #1 at 12:08:49 PM
11 verbose request id cf62ad28bee57e37
12 http request GET https://registry.npmjs.org/daily-quote
13 http 404 https://registry.npmjs.org/daily-quote
14 verbose headers { 'content-type': 'application/json',
14 verbose headers   'cache-control': 'max-age=0',
14 verbose headers   'content-length': '2',
14 verbose headers   'accept-ranges': 'bytes',
14 verbose headers   date: 'Thu, 12 Nov 2015 10:08:50 GMT',
14 verbose headers   via: '1.1 varnish',
14 verbose headers   age: '0',
14 verbose headers   connection: 'keep-alive',
14 verbose headers   'x-served-by': 'cache-fra1239-FRA',
14 verbose headers   'x-cache': 'MISS',
14 verbose headers   'x-cache-hits': '0',
14 verbose headers   'x-timer': 'S1447322930.260365,VS0,VE720' }
15 silly get cb [ 404,
15 silly get   { 'content-type': 'application/json',
15 silly get     'cache-control': 'max-age=0',
15 silly get     'content-length': '2',
15 silly get     'accept-ranges': 'bytes',
15 silly get     date: 'Thu, 12 Nov 2015 10:08:50 GMT',
15 silly get     via: '1.1 varnish',
15 silly get     age: '0',
15 silly get     connection: 'keep-alive',
15 silly get     'x-served-by': 'cache-fra1239-FRA',
15 silly get     'x-cache': 'MISS',
15 silly get     'x-cache-hits': '0',
15 silly get     'x-timer': 'S1447322930.260365,VS0,VE720' } ]
16 verbose stack Error: Registry returned 404 for GET on https://registry.npmjs.org/daily-quote
16 verbose stack     at makeError (/home/ionicabizau/.nvm/versions/node/v4.0.0/lib/node_modules/npm/node_modules/npm-registry-client/lib/request.js:263:12)
16 verbose stack     at CachingRegistryClient.<anonymous> (/home/ionicabizau/.nvm/versions/node/v4.0.0/lib/node_modules/npm/node_modules/npm-registry-client/lib/request.js:241:14)
16 verbose stack     at Request._callback (/home/ionicabizau/.nvm/versions/node/v4.0.0/lib/node_modules/npm/node_modules/npm-registry-client/lib/request.js:171:14)
16 verbose stack     at Request.self.callback (/home/ionicabizau/.nvm/versions/node/v4.0.0/lib/node_modules/npm/node_modules/request/request.js:198:22)
16 verbose stack     at emitTwo (events.js:87:13)
16 verbose stack     at Request.emit (events.js:172:7)
16 verbose stack     at Request.<anonymous> (/home/ionicabizau/.nvm/versions/node/v4.0.0/lib/node_modules/npm/node_modules/request/request.js:1073:14)
16 verbose stack     at emitOne (events.js:82:20)
16 verbose stack     at Request.emit (events.js:169:7)
16 verbose stack     at IncomingMessage.<anonymous> (/home/ionicabizau/.nvm/versions/node/v4.0.0/lib/node_modules/npm/node_modules/request/request.js:1019:12)
17 verbose statusCode 404
18 verbose pkgid daily-quote
19 verbose cwd /home/ionicabizau/Documents/repository-downloader/downloads/github/IonicaBizau/_updated/Color-Puzzle
20 error Linux 3.19.0-32-generic
21 error argv "/home/ionicabizau/.nvm/versions/node/v4.0.0/bin/node" "/home/ionicabizau/.nvm/versions/node/v4.0.0/bin/npm" "view" "daily-quote"
22 error node v4.0.0
23 error npm  v2.14.2
24 error code E404
25 error 404 Registry returned 404 for GET on https://registry.npmjs.org/daily-quote
25 error 404
25 error 404 'daily-quote' is not in the npm registry.
25 error 404 You should bug the author to publish it (or use the name yourself!)
25 error 404
25 error 404 Note that you can also install from a
25 error 404 tarball, folder, http url, or git url.
26 verbose exit [ 1, true ]
